

Version:	3.50
CmdLine:	C:\Users\andre\IdeaProjects\App\out\artifacts\App_jar\WeatherApp.exe --l4j-debug
JNI:		No
WOW64:		Yes
Working dir:	C:\Users\andre\IdeaProjects\App\out\artifacts\App_jar\.
Requires JDK:	No
Requires 64-Bit: No
Java min ver:	
Java max ver:	
JRE paths:	JRE
Check launcher:	C:\Users\andre\IdeaProjects\App\out\artifacts\App_jar\JRE\bin\javaw.exe (not found)
Error msg:	This application requires a Java Runtime Environment.


Version:	3.50
CmdLine:	C:\Users\andre\IdeaProjects\App\out\artifacts\App_jar\WeatherApp.exe --l4j-debug
JNI:		No
WOW64:		Yes
Working dir:	C:\Users\andre\IdeaProjects\App\out\artifacts\App_jar\.
Requires JDK:	No
Requires 64-Bit: No
Java min ver:	
Java max ver:	
JRE paths:	JRE
Check launcher:	C:\Users\andre\IdeaProjects\App\out\artifacts\App_jar\JRE\bin\javaw.exe (not found)
Error msg:	This application requires a Java Runtime Environment.


Version:	3.50
CmdLine:	C:\Users\andre\IdeaProjects\App\out\artifacts\App_jar\WeatherApp.exe --l4j-debug
JNI:		No
WOW64:		Yes
Working dir:	C:\Users\andre\IdeaProjects\App\out\artifacts\App_jar\.
Requires JDK:	No
Requires 64-Bit: No
Java min ver:	
Java max ver:	
JRE paths:	JRE
Check launcher:	C:\Users\andre\IdeaProjects\App\out\artifacts\App_jar\JRE\bin\javaw.exe (not found)
Error msg:	This application requires a Java Runtime Environment.
